Removed Pin From Net: NetName=+5 Pin=BT1-1
Removed Pin From Net: NetName=+5 Pin=BT2-1
Removed Pin From Net: NetName=+5 Pin=BT3-1
Change Component Footprint: Designator=Photovolt Old Footprint=HDR2X2_LGE1.0 New Footprint=HDR2X2_LGE1.0
Change Component Footprint: Designator=BT1 Old Footprint=SPST-2_LGE1.0 New Footprint=SPST-2_LGE1.0
Change Component Footprint: Designator=BT2 Old Footprint=SPST-2_LGE1.0 New Footprint=SPST-2_LGE1.0
Change Component Footprint: Designator=BT3 Old Footprint=SPST-2_LGE1.0 New Footprint=SPST-2_LGE1.0
Added Component: Designator=R3(Res10mm_LGE1.0)
Add component (AddParameter): Name = "LatestRevisionDate"; Value = "29-May-2009"; VariantName = "[No Variations]"
Add component (AddParameter): Name = "LatestRevisionNote"; Value = "IPC-7351 Footprint Added."; VariantName = "[No Variations]"
Add component (AddParameter): Name = "PackageDescription"; Value = "Chip Resistor"; VariantName = "[No Variations]"
Add component (AddParameter): Name = "PackageReference"; Value = "J1-0603"; VariantName = "[No Variations]"
Add component (AddParameter): Name = "Published"; Value = "8-Jun-2000"; VariantName = "[No Variations]"
Add component (AddParameter): Name = "Publisher"; Value = "Altium Limited"; VariantName = "[No Variations]"
Add component (AddParameter): Name = "Value"; Value = "1K"; VariantName = "[No Variations]"
Added Component: Designator=R4(Res10mm_LGE1.0)
Add component (AddParameter): Name = "LatestRevisionDate"; Value = "29-May-2009"; VariantName = "[No Variations]"
Add component (AddParameter): Name = "LatestRevisionNote"; Value = "IPC-7351 Footprint Added."; VariantName = "[No Variations]"
Add component (AddParameter): Name = "PackageDescription"; Value = "Chip Resistor"; VariantName = "[No Variations]"
Add component (AddParameter): Name = "PackageReference"; Value = "J1-0603"; VariantName = "[No Variations]"
Add component (AddParameter): Name = "Published"; Value = "8-Jun-2000"; VariantName = "[No Variations]"
Add component (AddParameter): Name = "Publisher"; Value = "Altium Limited"; VariantName = "[No Variations]"
Add component (AddParameter): Name = "Value"; Value = "2K"; VariantName = "[No Variations]"
Added Pin To Net: NetName=+5 Pin=R3-2
Added Pin To Net: NetName=GND Pin=R4-1
Added Pin To Net: NetName=NetBT1_1 Pin=BT1-1
Added Pin To Net: NetName=NetBT1_1 Pin=BT2-1
Added Pin To Net: NetName=NetBT1_1 Pin=BT3-1
Added Pin To Net: NetName=NetBT1_1 Pin=R3-1
Added Pin To Net: NetName=NetBT1_1 Pin=R4-2
Added Net: Name=NetBT1_1
Change Class Name : Old Net Name=MotorLaserPCB New Net Name=MainPCB
Added Member To Class: ClassName=MainPCB Member=Component 18VSW Term-Block 2
Added Member To Class: ClassName=MainPCB Member=Component R3 G-Res
Added Member To Class: ClassName=MainPCB Member=Component R4 G-Res
