Added Component: Designator=5VReg(TO220_XLGE1.2)
Add component (AddParameter): Name = "ComponentLink1Description"; Value = "Manufacturer Link"; VariantName = "[No Variations]"
Add component (AddParameter): Name = "ComponentLink1URL"; Value = "http://www.onsemi.com/site/products/taxonomy/0,4438,503,00.html"; VariantName = "[No Variations]"
Add component (AddParameter): Name = "ComponentLink2Description"; Value = "Datasheet"; VariantName = "[No Variations]"
Add component (AddParameter): Name = "ComponentLink2URL"; Value = "http://www.onsemi.com/pub/Collateral/MC78L00A-D.PDF"; VariantName = "[No Variations]"
Add component (AddParameter): Name = "ComponentLink3Description"; Value = "Datasheet (ELEC391)"; VariantName = "[No Variations]"
Add component (AddParameter): Name = "ComponentLink3URL"; Value = "https://www.fairchildsemi.com/datasheets/LM/LM7805.pdf"; VariantName = "[No Variations]"
Add component (AddParameter): Name = "DatasheetVersion"; Value = "Oct-1999"; VariantName = "[No Variations]"
Add component (AddParameter): Name = "PackageDescription"; Value = "TO, Flat Index; 3 In-Line, Axial Leads; Body Dia. 4.8mm; Leads 0.48 x 0.51 mm (max)"; VariantName = "[No Variations]"
Add component (AddParameter): Name = "PackageReference"; Value = "29-04"; VariantName = "[No Variations]"
Add component (AddParameter): Name = "PackageVersion"; Value = "1996"; VariantName = "[No Variations]"
Add component (AddParameter): Name = "Published"; Value = "15-Apr-2002"; VariantName = "[No Variations]"
Add component (AddParameter): Name = "Publisher"; Value = "Altium Limited"; VariantName = "[No Variations]"
Added Component: Designator=12VReg(TO220_XLGE1.2)
Add component (AddParameter): Name = "ComponentLink1Description"; Value = "Datasheet (ELEC391)"; VariantName = "[No Variations]"
Add component (AddParameter): Name = "ComponentLink1URL"; Value = "https://www.fairchildsemi.com/datasheets/LM/LM7805.pdf"; VariantName = "[No Variations]"
Added Component: Designator=18VBatteryInput(TERM-BLOCK-5.08MM-2POS)
Add component (AddParameter): Name = "LatestRevisionDate"; Value = "17-Jul-2002"; VariantName = "[No Variations]"
Add component (AddParameter): Name = "LatestRevisionNote"; Value = "Re-released for DXP Platform."; VariantName = "[No Variations]"
Add component (AddParameter): Name = "Publisher"; Value = "Altium Limited"; VariantName = "[No Variations]"
Added Component: Designator=AccessoryPort(HDR2X4_LGE1.0)
Add component (AddParameter): Name = "LatestRevisionDate"; Value = "17-Jul-2002"; VariantName = "[No Variations]"
Add component (AddParameter): Name = "LatestRevisionNote"; Value = "Re-released for DXP Platform."; VariantName = "[No Variations]"
Add component (AddParameter): Name = "Publisher"; Value = "Altium Limited"; VariantName = "[No Variations]"
Added Component: Designator=BarrelInput(KLD_XLGE1.2)
Add component (AddParameter): Name = "ComponentLink1Description"; Value = "Manufacturer Link"; VariantName = "[No Variations]"
Add component (AddParameter): Name = "ComponentLink1URL"; Value = "http://domino.kycon.com/internet/Products.html"; VariantName = "[No Variations]"
Add component (AddParameter): Name = "ComponentLink2Description"; Value = "Datasheet (ELEC391)"; VariantName = "[No Variations]"
Add component (AddParameter): Name = "ComponentLink2URL"; Value = "http://www.cui.com/product/resource/pj-102a.pdf"; VariantName = "[No Variations]"
Add component (AddParameter): Name = "DatasheetDocument"; Value = "09-May-2002"; VariantName = "[No Variations]"
Add component (AddParameter): Name = "Published"; Value = "17-Dec-2003"; VariantName = "[No Variations]"
Add component (AddParameter): Name = "Publisher"; Value = "Altium Limited"; VariantName = "[No Variations]"
Added Component: Designator=C1(Cap2.54mm_LGE1.0)
Add component (AddParameter): Name = "LatestRevisionDate"; Value = "17-Jul-2002"; VariantName = "[No Variations]"
Add component (AddParameter): Name = "LatestRevisionNote"; Value = "Re-released for DXP Platform."; VariantName = "[No Variations]"
Add component (AddParameter): Name = "PackageReference"; Value = "RAD-0.3"; VariantName = "[No Variations]"
Add component (AddParameter): Name = "Published"; Value = "8-Jun-2000"; VariantName = "[No Variations]"
Add component (AddParameter): Name = "Publisher"; Value = "Altium Limited"; VariantName = "[No Variations]"
Add component (AddParameter): Name = "Value"; Value = "100nF"; VariantName = "[No Variations]"
Added Component: Designator=C2(Cap2.54mm_LGE1.0)
Add component (AddParameter): Name = "LatestRevisionDate"; Value = "17-Jul-2002"; VariantName = "[No Variations]"
Add component (AddParameter): Name = "LatestRevisionNote"; Value = "Re-released for DXP Platform."; VariantName = "[No Variations]"
Add component (AddParameter): Name = "PackageReference"; Value = "RAD-0.3"; VariantName = "[No Variations]"
Add component (AddParameter): Name = "Published"; Value = "8-Jun-2000"; VariantName = "[No Variations]"
Add component (AddParameter): Name = "Publisher"; Value = "Altium Limited"; VariantName = "[No Variations]"
Add component (AddParameter): Name = "Value"; Value = "100nF"; VariantName = "[No Variations]"
Added Component: Designator=C3(Cap2.54mm_LGE1.0)
Add component (AddParameter): Name = "LatestRevisionDate"; Value = "17-Jul-2002"; VariantName = "[No Variations]"
Add component (AddParameter): Name = "LatestRevisionNote"; Value = "Re-released for DXP Platform."; VariantName = "[No Variations]"
Add component (AddParameter): Name = "PackageReference"; Value = "RAD-0.3"; VariantName = "[No Variations]"
Add component (AddParameter): Name = "Published"; Value = "8-Jun-2000"; VariantName = "[No Variations]"
Add component (AddParameter): Name = "Publisher"; Value = "Altium Limited"; VariantName = "[No Variations]"
Add component (AddParameter): Name = "Value"; Value = "100nF"; VariantName = "[No Variations]"
Added Component: Designator=C4(Cap2.54mm_LGE1.0)
Add component (AddParameter): Name = "LatestRevisionDate"; Value = "17-Jul-2002"; VariantName = "[No Variations]"
Add component (AddParameter): Name = "LatestRevisionNote"; Value = "Re-released for DXP Platform."; VariantName = "[No Variations]"
Add component (AddParameter): Name = "PackageReference"; Value = "RAD-0.3"; VariantName = "[No Variations]"
Add component (AddParameter): Name = "Published"; Value = "8-Jun-2000"; VariantName = "[No Variations]"
Add component (AddParameter): Name = "Publisher"; Value = "Altium Limited"; VariantName = "[No Variations]"
Add component (AddParameter): Name = "Value"; Value = "100nF"; VariantName = "[No Variations]"
Added Component: Designator=C5(Cap2.54mm_LGE1.0)
Add component (AddParameter): Name = "LatestRevisionDate"; Value = "17-Jul-2002"; VariantName = "[No Variations]"
Add component (AddParameter): Name = "LatestRevisionNote"; Value = "Re-released for DXP Platform."; VariantName = "[No Variations]"
Add component (AddParameter): Name = "PackageReference"; Value = "RAD-0.3"; VariantName = "[No Variations]"
Add component (AddParameter): Name = "Published"; Value = "8-Jun-2000"; VariantName = "[No Variations]"
Add component (AddParameter): Name = "Publisher"; Value = "Altium Limited"; VariantName = "[No Variations]"
Add component (AddParameter): Name = "Value"; Value = "100nF"; VariantName = "[No Variations]"
Added Component: Designator=D1(DO-41_XLGE1.2)
Add component (AddParameter): Name = "ComponentLink1Description"; Value = "Datasheet (ELEC391)"; VariantName = "[No Variations]"
Add component (AddParameter): Name = "ComponentLink1URL"; Value = "http://www.mccsemi.com/up_pdf/1N4148(DO-35).pdf"; VariantName = "[No Variations]"
Added Component: Designator=D2(DO-41_XLGE1.2)
Add component (AddParameter): Name = "ComponentLink1Description"; Value = "Datasheet (ELEC391)"; VariantName = "[No Variations]"
Add component (AddParameter): Name = "ComponentLink1URL"; Value = "http://www.mccsemi.com/up_pdf/1N4148(DO-35).pdf"; VariantName = "[No Variations]"
Added Component: Designator=D3(DO-41_XLGE1.2)
Add component (AddParameter): Name = "ComponentLink1Description"; Value = "Datasheet (ELEC391)"; VariantName = "[No Variations]"
Add component (AddParameter): Name = "ComponentLink1URL"; Value = "http://www.mccsemi.com/up_pdf/1N4148(DO-35).pdf"; VariantName = "[No Variations]"
Added Component: Designator=D4(DO-41_XLGE1.2)
Add component (AddParameter): Name = "ComponentLink1Description"; Value = "Datasheet (ELEC391)"; VariantName = "[No Variations]"
Add component (AddParameter): Name = "ComponentLink1URL"; Value = "http://www.mccsemi.com/up_pdf/1N4148(DO-35).pdf"; VariantName = "[No Variations]"
Added Component: Designator=D5(DO-41_XLGE1.2)
Add component (AddParameter): Name = "ComponentLink1Description"; Value = "Datasheet (ELEC391)"; VariantName = "[No Variations]"
Add component (AddParameter): Name = "ComponentLink1URL"; Value = "http://www.mccsemi.com/up_pdf/1N4148(DO-35).pdf"; VariantName = "[No Variations]"
Added Component: Designator=D6(DO-41_XLGE1.2)
Add component (AddParameter): Name = "ComponentLink1Description"; Value = "Datasheet (ELEC391)"; VariantName = "[No Variations]"
Add component (AddParameter): Name = "ComponentLink1URL"; Value = "http://www.mccsemi.com/up_pdf/1N4148(DO-35).pdf"; VariantName = "[No Variations]"
Added Component: Designator=D7(DO-41_XLGE1.2)
Add component (AddParameter): Name = "ComponentLink1Description"; Value = "Datasheet (ELEC391)"; VariantName = "[No Variations]"
Add component (AddParameter): Name = "ComponentLink1URL"; Value = "http://www.mccsemi.com/up_pdf/1N4148(DO-35).pdf"; VariantName = "[No Variations]"
Added Component: Designator=D8(DO-41_XLGE1.2)
Add component (AddParameter): Name = "ComponentLink1Description"; Value = "Datasheet (ELEC391)"; VariantName = "[No Variations]"
Add component (AddParameter): Name = "ComponentLink1URL"; Value = "http://www.mccsemi.com/up_pdf/1N4148(DO-35).pdf"; VariantName = "[No Variations]"
Added Component: Designator=D9(LED_LGE1.0)
Add component (AddParameter): Name = "LatestRevisionDate"; Value = "17-Jul-2002"; VariantName = "[No Variations]"
Add component (AddParameter): Name = "LatestRevisionNote"; Value = "Re-released for DXP Platform."; VariantName = "[No Variations]"
Add component (AddParameter): Name = "PackageReference"; Value = "3.2X1.6X1.1"; VariantName = "[No Variations]"
Add component (AddParameter): Name = "PackageVersion"; Value = "Feb-2002"; VariantName = "[No Variations]"
Add component (AddParameter): Name = "Published"; Value = "8-Jun-2000"; VariantName = "[No Variations]"
Add component (AddParameter): Name = "Publisher"; Value = "Altium Limited"; VariantName = "[No Variations]"
Added Component: Designator=D10(LED_LGE1.0)
Add component (AddParameter): Name = "LatestRevisionDate"; Value = "17-Jul-2002"; VariantName = "[No Variations]"
Add component (AddParameter): Name = "LatestRevisionNote"; Value = "Re-released for DXP Platform."; VariantName = "[No Variations]"
Add component (AddParameter): Name = "PackageReference"; Value = "3.2X1.6X1.1"; VariantName = "[No Variations]"
Add component (AddParameter): Name = "PackageVersion"; Value = "Feb-2002"; VariantName = "[No Variations]"
Add component (AddParameter): Name = "Published"; Value = "8-Jun-2000"; VariantName = "[No Variations]"
Add component (AddParameter): Name = "Publisher"; Value = "Altium Limited"; VariantName = "[No Variations]"
Added Component: Designator=D11(DO-41_XLGE1.2)
Add component (AddParameter): Name = "Code_JEDEC"; Value = "DO-204-AL"; VariantName = "[No Variations]"
Add component (AddParameter): Name = "ComponentLink1Description"; Value = "Manufacturer Link"; VariantName = "[No Variations]"
Add component (AddParameter): Name = "ComponentLink1URL"; Value = "http://www.fairchildsemi.com/"; VariantName = "[No Variations]"
Add component (AddParameter): Name = "ComponentLink2Description"; Value = "Pinout Specification"; VariantName = "[No Variations]"
Add component (AddParameter): Name = "ComponentLink2URL"; Value = "http://www.fairchildsemi.com/ds/1N%2F1N4001.pdf"; VariantName = "[No Variations]"
Add component (AddParameter): Name = "ComponentLink3Description"; Value = "Datasheet (ELEC391)"; VariantName = "[No Variations]"
Add component (AddParameter): Name = "ComponentLink3URL"; Value = "http://www.mccsemi.com/up_pdf/1N4001-1N4007(DO-41).pdf"; VariantName = "[No Variations]"
Add component (AddParameter): Name = "DatasheetDocument"; Value = "1998"; VariantName = "[No Variations]"
Add component (AddParameter): Name = "LatestRevisionDate"; Value = "17-Jul-2002"; VariantName = "[No Variations]"
Add component (AddParameter): Name = "LatestRevisionNote"; Value = "Re-released for DXP Platform."; VariantName = "[No Variations]"
Add component (AddParameter): Name = "PackageDocument"; Value = "Aug-1999"; VariantName = "[No Variations]"
Add component (AddParameter): Name = "PackageReference"; Value = "DO-41"; VariantName = "[No Variations]"
Add component (AddParameter): Name = "Published"; Value = "8-Jun-2000"; VariantName = "[No Variations]"
Add component (AddParameter): Name = "Publisher"; Value = "Altium Limited"; VariantName = "[No Variations]"
Added Component: Designator=EncoderPinInput(HDR2X4_LGE1.0)
Add component (AddParameter): Name = "LatestRevisionDate"; Value = "17-Jul-2002"; VariantName = "[No Variations]"
Add component (AddParameter): Name = "LatestRevisionNote"; Value = "Re-released for DXP Platform."; VariantName = "[No Variations]"
Add component (AddParameter): Name = "Publisher"; Value = "Altium Limited"; VariantName = "[No Variations]"
Added Component: Designator=F1(0ZCG_BEL)
Add component (AddParameter): Name = "Mfr_Name"; Value = "Belfuse"; VariantName = "[No Variations]"
Add component (AddParameter): Name = "RefDes"; Value = ""; VariantName = "[No Variations]"
Add component (AddParameter): Name = "Type"; Value = ""; VariantName = "[No Variations]"
Added Component: Designator=F2(0ZCG_BEL)
Add component (AddParameter): Name = "Mfr_Name"; Value = "Belfuse"; VariantName = "[No Variations]"
Add component (AddParameter): Name = "RefDes"; Value = ""; VariantName = "[No Variations]"
Add component (AddParameter): Name = "Type"; Value = ""; VariantName = "[No Variations]"
Added Component: Designator=LaserPins(TERM-BLOCK-5.08MM-2POS)
Add component (AddParameter): Name = "LatestRevisionDate"; Value = "17-Jul-2002"; VariantName = "[No Variations]"
Add component (AddParameter): Name = "LatestRevisionNote"; Value = "Re-released for DXP Platform."; VariantName = "[No Variations]"
Add component (AddParameter): Name = "Publisher"; Value = "Altium Limited"; VariantName = "[No Variations]"
Added Component: Designator=MCU(MODULE_ESP32_DEVKIT_V1)
Add component (AddParameter): Name = "Availability"; Value = "Not in stock"; VariantName = "[No Variations]"
Add component (AddParameter): Name = "Check_prices"; Value = "https://www.snapeda.com/parts/ESP32-DEVKIT-V1/Do+it/view-part/?ref=eda"; VariantName = "[No Variations]"
Add component (AddParameter): Name = "MF"; Value = "Do it"; VariantName = "[No Variations]"
Add component (AddParameter): Name = "MP"; Value = "ESP32-DEVKIT-V1"; VariantName = "[No Variations]"
Add component (AddParameter): Name = "Package"; Value = "None"; VariantName = "[No Variations]"
Add component (AddParameter): Name = "Price"; Value = "None"; VariantName = "[No Variations]"
Add component (AddParameter): Name = "SnapEDA_Link"; Value = "https://www.snapeda.com/parts/ESP32-DEVKIT-V1/Do+it/view-part/?ref=snap"; VariantName = "[No Variations]"
Add component (AddParameter): Name = "Value"; Value = ""; VariantName = "[No Variations]"
Added Component: Designator=Motor1Out(TERM-BLOCK-5.08MM-2POS)
Add component (AddParameter): Name = "LatestRevisionDate"; Value = "17-Jul-2002"; VariantName = "[No Variations]"
Add component (AddParameter): Name = "LatestRevisionNote"; Value = "Re-released for DXP Platform."; VariantName = "[No Variations]"
Add component (AddParameter): Name = "Publisher"; Value = "Altium Limited"; VariantName = "[No Variations]"
Added Component: Designator=Motor2Out(TERM-BLOCK-5.08MM-2POS)
Add component (AddParameter): Name = "LatestRevisionDate"; Value = "17-Jul-2002"; VariantName = "[No Variations]"
Add component (AddParameter): Name = "LatestRevisionNote"; Value = "Re-released for DXP Platform."; VariantName = "[No Variations]"
Add component (AddParameter): Name = "Publisher"; Value = "Altium Limited"; VariantName = "[No Variations]"
Added Component: Designator=MotorDriver(Multiwatt15_V_ELEC391HS)
Add component (AddParameter): Name = "C"; Value = "Copyright (C) 2015 Accelerated Designs. All rights reserved"; VariantName = "[No Variations]"
Add component (AddParameter): Name = "Category"; Value = ""; VariantName = "[No Variations]"
Add component (AddParameter): Name = "ComponentLink1Description"; Value = "Datasheet (ELEC391)"; VariantName = "[No Variations]"
Add component (AddParameter): Name = "ComponentLink1URL"; Value = "http://www.st.com/content/ccc/resource/technical/document/datasheet/82/cc/3f/39/0a/29/4d/f0/CD00000240.pdf/files/CD00000240.pdf/jcr:content/translations/en.CD00000240.pdf"; VariantName = "[No Variations]"
Add component (AddParameter): Name = "Copyright"; Value = "Copyright (C) 2015 Accelerated Designs. All rights reserved"; VariantName = "[No Variations]"
Add component (AddParameter): Name = "Current - Output / Channel"; Value = "2A"; VariantName = "[No Variations]"
Add component (AddParameter): Name = "Current - Peak Output"; Value = "3A"; VariantName = "[No Variations]"
Add component (AddParameter): Name = "DataSheet"; Value = "http://www.st.com/internet/com/TECHNICAL_RESOURCES/TECHNICAL_LITERATURE/DATASHEET/CD00000240.pdf"; VariantName = "[No Variations]"
Add component (AddParameter): Name = "Input Type"; Value = "Non-Inverting"; VariantName = "[No Variations]"
Add component (AddParameter): Name = "Manufacturer_Part_Number"; Value = "L298N"; VariantName = "[No Variations]"
Add component (AddParameter): Name = "Mounting Type"; Value = "Through Hole"; VariantName = "[No Variations]"
Add component (AddParameter): Name = "Number of Outputs"; Value = "4"; VariantName = "[No Variations]"
Add component (AddParameter): Name = "On-State Resistance"; Value = "-"; VariantName = "[No Variations]"
Add component (AddParameter): Name = "Operating Temperature"; Value = "-25°C ~ 130°C"; VariantName = "[No Variations]"
Add component (AddParameter): Name = "Package / Case"; Value = "Multiwatt-15 (Vertical, Bent and Staggered Leads)"; VariantName = "[No Variations]"
Add component (AddParameter): Name = "Packaging"; Value = "Tube"; VariantName = "[No Variations]"
Add component (AddParameter): Name = "Quantity_Available"; Value = "5651"; VariantName = "[No Variations]"
Add component (AddParameter): Name = "RefDes"; Value = "RefDes"; VariantName = "[No Variations]"
Add component (AddParameter): Name = "Supplier Device Package"; Value = "15-Multiwatt"; VariantName = "[No Variations]"
Add component (AddParameter): Name = "Type"; Value = "Type"; VariantName = "[No Variations]"
Add component (AddParameter): Name = "Value"; Value = "Value"; VariantName = "[No Variations]"
Add component (AddParameter): Name = "Vendor"; Value = "ST Microelectronics"; VariantName = "[No Variations]"
Add component (AddParameter): Name = "Voltage - Supply"; Value = "4.5 V ~ 46 V"; VariantName = "[No Variations]"
Added Component: Designator=R1(Res10mm_LGE1.0)
Add component (AddParameter): Name = "LatestRevisionDate"; Value = "29-May-2009"; VariantName = "[No Variations]"
Add component (AddParameter): Name = "LatestRevisionNote"; Value = "IPC-7351 Footprint Added."; VariantName = "[No Variations]"
Add component (AddParameter): Name = "PackageDescription"; Value = "Chip Resistor"; VariantName = "[No Variations]"
Add component (AddParameter): Name = "PackageReference"; Value = "J1-0603"; VariantName = "[No Variations]"
Add component (AddParameter): Name = "Published"; Value = "8-Jun-2000"; VariantName = "[No Variations]"
Add component (AddParameter): Name = "Publisher"; Value = "Altium Limited"; VariantName = "[No Variations]"
Add component (AddParameter): Name = "Value"; Value = "1K"; VariantName = "[No Variations]"
Added Component: Designator=R2(Res10mm_LGE1.0)
Add component (AddParameter): Name = "LatestRevisionDate"; Value = "29-May-2009"; VariantName = "[No Variations]"
Add component (AddParameter): Name = "LatestRevisionNote"; Value = "IPC-7351 Footprint Added."; VariantName = "[No Variations]"
Add component (AddParameter): Name = "PackageDescription"; Value = "Chip Resistor"; VariantName = "[No Variations]"
Add component (AddParameter): Name = "PackageReference"; Value = "J1-0603"; VariantName = "[No Variations]"
Add component (AddParameter): Name = "Published"; Value = "8-Jun-2000"; VariantName = "[No Variations]"
Add component (AddParameter): Name = "Publisher"; Value = "Altium Limited"; VariantName = "[No Variations]"
Add component (AddParameter): Name = "Value"; Value = "3K"; VariantName = "[No Variations]"
Added Component: Designator=RockerSW1(TERM-BLOCK-5.08MM-2POS)
Add component (AddParameter): Name = "LatestRevisionDate"; Value = "17-Jul-2002"; VariantName = "[No Variations]"
Add component (AddParameter): Name = "LatestRevisionNote"; Value = "Re-released for DXP Platform."; VariantName = "[No Variations]"
Add component (AddParameter): Name = "Publisher"; Value = "Altium Limited"; VariantName = "[No Variations]"
Added Component: Designator=RockerSW2(TERM-BLOCK-5.08MM-2POS)
Add component (AddParameter): Name = "LatestRevisionDate"; Value = "17-Jul-2002"; VariantName = "[No Variations]"
Add component (AddParameter): Name = "LatestRevisionNote"; Value = "Re-released for DXP Platform."; VariantName = "[No Variations]"
Add component (AddParameter): Name = "Publisher"; Value = "Altium Limited"; VariantName = "[No Variations]"
Added Pin To Net: NetName=+12 Pin=5VReg-1
Added Pin To Net: NetName=+5 Pin=5VReg-2
Added Pin To Net: NetName=GND Pin=5VReg-3
Added Pin To Net: NetName=Net12VReg_1 Pin=12VReg-1
Added Pin To Net: NetName=Net12VReg_2 Pin=12VReg-2
Added Pin To Net: NetName=GND Pin=12VReg-3
Added Pin To Net: NetName=Net18VBatteryInput_1 Pin=18VBatteryInput-1
Added Pin To Net: NetName=Net18VBatteryInput_2 Pin=18VBatteryInput-2
Added Pin To Net: NetName=+5 Pin=AccessoryPort-1
Added Pin To Net: NetName=GND Pin=AccessoryPort-2
Added Pin To Net: NetName=+5 Pin=AccessoryPort-3
Added Pin To Net: NetName=GND Pin=AccessoryPort-4
Added Pin To Net: NetName=+5 Pin=AccessoryPort-5
Added Pin To Net: NetName=GND Pin=AccessoryPort-6
Added Pin To Net: NetName=+5 Pin=AccessoryPort-7
Added Pin To Net: NetName=GND Pin=AccessoryPort-8
Added Pin To Net: NetName=NetBarrelInput_1 Pin=BarrelInput-1
Added Pin To Net: NetName=GND Pin=BarrelInput-2
Added Pin To Net: NetName=Net18VBatteryInput_2 Pin=BarrelInput-3
Added Pin To Net: NetName=GND Pin=C1-1
Added Pin To Net: NetName=+12 Pin=C1-2
Added Pin To Net: NetName=+5 Pin=C2-1
Added Pin To Net: NetName=GND Pin=C2-2
Added Pin To Net: NetName=Net12VReg_1 Pin=C3-1
Added Pin To Net: NetName=GND Pin=C3-2
Added Pin To Net: NetName=+12 Pin=C4-1
Added Pin To Net: NetName=GND Pin=C4-2
Added Pin To Net: NetName=+5 Pin=C5-1
Added Pin To Net: NetName=GND Pin=C5-2
Added Pin To Net: NetName=V1- Pin=D1-1
Added Pin To Net: NetName=+12 Pin=D1-2
Added Pin To Net: NetName=V1+ Pin=D2-1
Added Pin To Net: NetName=+12 Pin=D2-2
Added Pin To Net: NetName=GND Pin=D3-1
Added Pin To Net: NetName=V1- Pin=D3-2
Added Pin To Net: NetName=GND Pin=D4-1
Added Pin To Net: NetName=V1+ Pin=D4-2
Added Pin To Net: NetName=V2- Pin=D5-1
Added Pin To Net: NetName=+12 Pin=D5-2
Added Pin To Net: NetName=V2+ Pin=D6-1
Added Pin To Net: NetName=+12 Pin=D6-2
Added Pin To Net: NetName=GND Pin=D7-1
Added Pin To Net: NetName=V2- Pin=D7-2
Added Pin To Net: NetName=GND Pin=D8-1
Added Pin To Net: NetName=V2+ Pin=D8-2
Added Pin To Net: NetName=+5 Pin=D9-1
Added Pin To Net: NetName=NetD9_2 Pin=D9-2
Added Pin To Net: NetName=+12 Pin=D10-1
Added Pin To Net: NetName=NetD10_2 Pin=D10-2
Added Pin To Net: NetName=Net12VReg_2 Pin=D11-1
Added Pin To Net: NetName=+12 Pin=D11-2
Added Pin To Net: NetName=Enc1A Pin=EncoderPinInput-1
Added Pin To Net: NetName=Enc2A Pin=EncoderPinInput-2
Added Pin To Net: NetName=Enc1B Pin=EncoderPinInput-3
Added Pin To Net: NetName=Enc2B Pin=EncoderPinInput-4
Added Pin To Net: NetName=+5 Pin=EncoderPinInput-5
Added Pin To Net: NetName=+5 Pin=EncoderPinInput-6
Added Pin To Net: NetName=GND Pin=EncoderPinInput-7
Added Pin To Net: NetName=GND Pin=EncoderPinInput-8
Added Pin To Net: NetName=NetF1_1 Pin=F1-1
Added Pin To Net: NetName=Net12VReg_1 Pin=F1-2
Added Pin To Net: NetName=NetF2_1 Pin=F2-1
Added Pin To Net: NetName=+12 Pin=F2-2
Added Pin To Net: NetName=Laser Pin=LaserPins-1
Added Pin To Net: NetName=GND Pin=LaserPins-2
Added Pin To Net: NetName=GND Pin=MCU-2
Added Pin To Net: NetName=Laser Pin=MCU-5
Added Pin To Net: NetName=Direc2B Pin=MCU-10
Added Pin To Net: NetName=Direc2A Pin=MCU-11
Added Pin To Net: NetName=Direc1B Pin=MCU-14
Added Pin To Net: NetName=Direc1A Pin=MCU-15
Added Pin To Net: NetName=Enc1A Pin=MCU-21
Added Pin To Net: NetName=Enc1B Pin=MCU-22
Added Pin To Net: NetName=Enc2A Pin=MCU-23
Added Pin To Net: NetName=Enc2B Pin=MCU-24
Added Pin To Net: NetName=Enable1 Pin=MCU-25
Added Pin To Net: NetName=Enable2 Pin=MCU-26
Added Pin To Net: NetName=GND Pin=MCU-29
Added Pin To Net: NetName=+5 Pin=MCU-30
Added Pin To Net: NetName=V1- Pin=Motor1Out-1
Added Pin To Net: NetName=V1+ Pin=Motor1Out-2
Added Pin To Net: NetName=V2- Pin=Motor2Out-1
Added Pin To Net: NetName=V2+ Pin=Motor2Out-2
Added Pin To Net: NetName=GND Pin=MotorDriver-1
Added Pin To Net: NetName=V1- Pin=MotorDriver-2
Added Pin To Net: NetName=V1+ Pin=MotorDriver-3
Added Pin To Net: NetName=+12 Pin=MotorDriver-4
Added Pin To Net: NetName=Direc1A Pin=MotorDriver-5
Added Pin To Net: NetName=Enable1 Pin=MotorDriver-6
Added Pin To Net: NetName=Direc1B Pin=MotorDriver-7
Added Pin To Net: NetName=GND Pin=MotorDriver-8
Added Pin To Net: NetName=+5 Pin=MotorDriver-9
Added Pin To Net: NetName=Direc2B Pin=MotorDriver-10
Added Pin To Net: NetName=Enable2 Pin=MotorDriver-11
Added Pin To Net: NetName=Direc2A Pin=MotorDriver-12
Added Pin To Net: NetName=V2+ Pin=MotorDriver-13
Added Pin To Net: NetName=V2- Pin=MotorDriver-14
Added Pin To Net: NetName=GND Pin=MotorDriver-15
Added Pin To Net: NetName=GND Pin=R1-1
Added Pin To Net: NetName=NetD9_2 Pin=R1-2
Added Pin To Net: NetName=GND Pin=R2-1
Added Pin To Net: NetName=NetD10_2 Pin=R2-2
Added Pin To Net: NetName=NetBarrelInput_1 Pin=RockerSW1-1
Added Pin To Net: NetName=NetF2_1 Pin=RockerSW1-2
Added Pin To Net: NetName=Net18VBatteryInput_1 Pin=RockerSW2-1
Added Pin To Net: NetName=NetF1_1 Pin=RockerSW2-2
Added Member To Class: ClassName=MotorLaserPCB Member=Component 5VReg Q-VReg5
Added Member To Class: ClassName=MotorLaserPCB Member=Component 12VReg Q-VReg12
Added Member To Class: ClassName=MotorLaserPCB Member=Component 18VBatteryInput Term-Block 2
Added Member To Class: ClassName=MotorLaserPCB Member=Component AccessoryPort C-Hdr2x4
Added Member To Class: ClassName=MotorLaserPCB Member=Component BarrelInput C-Pwr
Added Member To Class: ClassName=MotorLaserPCB Member=Component C1 G-Cap
Added Member To Class: ClassName=MotorLaserPCB Member=Component C2 G-Cap
Added Member To Class: ClassName=MotorLaserPCB Member=Component C3 G-Cap
Added Member To Class: ClassName=MotorLaserPCB Member=Component C4 G-Cap
Added Member To Class: ClassName=MotorLaserPCB Member=Component C5 G-Cap
Added Member To Class: ClassName=MotorLaserPCB Member=Component D1 1N4148
Added Member To Class: ClassName=MotorLaserPCB Member=Component D2 1N4148
Added Member To Class: ClassName=MotorLaserPCB Member=Component D3 1N4148
Added Member To Class: ClassName=MotorLaserPCB Member=Component D4 1N4148
Added Member To Class: ClassName=MotorLaserPCB Member=Component D5 1N4148
Added Member To Class: ClassName=MotorLaserPCB Member=Component D6 1N4148
Added Member To Class: ClassName=MotorLaserPCB Member=Component D7 1N4148
Added Member To Class: ClassName=MotorLaserPCB Member=Component D8 1N4148
Added Member To Class: ClassName=MotorLaserPCB Member=Component D9 G-LED
Added Member To Class: ClassName=MotorLaserPCB Member=Component D10 G-LED
Added Member To Class: ClassName=MotorLaserPCB Member=Component D11 1N4005
Added Member To Class: ClassName=MotorLaserPCB Member=Component EncoderPinInput C-Hdr2x4
Added Member To Class: ClassName=MotorLaserPCB Member=Component F1 0ZCG0150BF2C
Added Member To Class: ClassName=MotorLaserPCB Member=Component F2 0ZCG0150BF2C
Added Member To Class: ClassName=MotorLaserPCB Member=Component LaserPins Term-Block 2
Added Member To Class: ClassName=MotorLaserPCB Member=Component MCU ESP32-DEVKIT-V1
Added Member To Class: ClassName=MotorLaserPCB Member=Component Motor1Out Term-Block 2
Added Member To Class: ClassName=MotorLaserPCB Member=Component Motor2Out Term-Block 2
Added Member To Class: ClassName=MotorLaserPCB Member=Component MotorDriver Q-LN298HS
Added Member To Class: ClassName=MotorLaserPCB Member=Component R1 G-Res
Added Member To Class: ClassName=MotorLaserPCB Member=Component R2 G-Res
Added Member To Class: ClassName=MotorLaserPCB Member=Component RockerSW1 Term-Block 2
Added Member To Class: ClassName=MotorLaserPCB Member=Component RockerSW2 Term-Block 2
