Removed Pin From Net: NetName=Laser Pin=LaserPins-1
Change Component Footprint: Designator=C1 Old Footprint=Cap2.54mm_LGE1.0 New Footprint=Cap2.54mm_LGE1.0
Change Component Footprint: Designator=C2 Old Footprint=Cap2.54mm_LGE1.0 New Footprint=Cap2.54mm_LGE1.0
Change Component Footprint: Designator=C3 Old Footprint=Cap2.54mm_LGE1.0 New Footprint=Cap2.54mm_LGE1.0
Change Component Footprint: Designator=C4 Old Footprint=Cap2.54mm_LGE1.0 New Footprint=Cap2.54mm_LGE1.0
Change Component Footprint: Designator=C5 Old Footprint=Cap2.54mm_LGE1.0 New Footprint=Cap2.54mm_LGE1.0
Change Component Footprint: Designator=D1 Old Footprint=DO-41_XLGE1.2 New Footprint=DO-41_XLGE1.2
Change Component Footprint: Designator=D2 Old Footprint=DO-41_XLGE1.2 New Footprint=DO-41_XLGE1.2
Change Component Footprint: Designator=D3 Old Footprint=DO-41_XLGE1.2 New Footprint=DO-41_XLGE1.2
Change Component Footprint: Designator=D4 Old Footprint=DO-41_XLGE1.2 New Footprint=DO-41_XLGE1.2
Change Component Footprint: Designator=D5 Old Footprint=DO-41_XLGE1.2 New Footprint=DO-41_XLGE1.2
Change Component Footprint: Designator=D6 Old Footprint=DO-41_XLGE1.2 New Footprint=DO-41_XLGE1.2
Change Component Footprint: Designator=D7 Old Footprint=DO-41_XLGE1.2 New Footprint=DO-41_XLGE1.2
Change Component Footprint: Designator=D8 Old Footprint=DO-41_XLGE1.2 New Footprint=DO-41_XLGE1.2
Change Component Footprint: Designator=D11 Old Footprint=DO-41_XLGE1.2 New Footprint=DO-41_XLGE1.2
Change Component Footprint: Designator=AccessoryPort Old Footprint=HDR2X4_LGE1.0 New Footprint=HDR2X4_LGE1.0
Change Component Footprint: Designator=EncoderPinInput Old Footprint=HDR2X4_LGE1.0 New Footprint=HDR2X4_LGE1.0
Change Component Footprint: Designator=BarrelInput Old Footprint=KLD_XLGE1.2 New Footprint=KLD_XLGE1.2
Change Component Footprint: Designator=D9 Old Footprint=LED_LGE1.0 New Footprint=LED_LGE1.0
Change Component Footprint: Designator=D10 Old Footprint=LED_LGE1.0 New Footprint=LED_LGE1.0
Change Component Footprint: Designator=R1 Old Footprint=Res10mm_LGE1.0 New Footprint=Res10mm_LGE1.0
Change Component Footprint: Designator=R2 Old Footprint=Res10mm_LGE1.0 New Footprint=Res10mm_LGE1.0
Change Component Footprint: Designator=5VReg Old Footprint=TO220_XLGE1.2 New Footprint=TO220_XLGE1.2
Change Component Footprint: Designator=12VReg Old Footprint=TO220_XLGE1.2 New Footprint=TO220_XLGE1.2
Change Component Designator: OldDesignator=AccessoryPort NewDesignator=Accessory
Change Component Designator: OldDesignator=D9 NewDesignator=LED1
Change Component Designator: OldDesignator=D10 NewDesignator=LED2
Change Component Designator: OldDesignator=EncoderPinInput NewDesignator=EncoderInput
Change Component Designator: OldDesignator=LaserPins NewDesignator=LaserInput
Change Component Designator: OldDesignator=RockerSW1 NewDesignator=SW1
Change Component Designator: OldDesignator=RockerSW2 NewDesignator=SW2
Added Component: Designator=SW3(TERM-BLOCK-5.08MM-2POS)
Add component (AddParameter): Name = "LatestRevisionDate"; Value = "17-Jul-2002"; VariantName = "[No Variations]"
Add component (AddParameter): Name = "LatestRevisionNote"; Value = "Re-released for DXP Platform."; VariantName = "[No Variations]"
Add component (AddParameter): Name = "Publisher"; Value = "Altium Limited"; VariantName = "[No Variations]"
Added Pin To Net: NetName=Laser Pin=SW3-1
Change Net Name : Old Net Name=NetD9_2 New Net Name=NetLED1_2
Change Net Name : Old Net Name=NetD10_2 New Net Name=NetLED2_2
Added Pin To Net: NetName=NetLaserInput_1 Pin=LaserInput-1
Added Pin To Net: NetName=NetLaserInput_1 Pin=SW3-2
Added Net: Name=NetLaserInput_1
Added Member To Class: ClassName=MotorLaserPCB Member=Component SW3 Term-Block 2
